<?xml version="1.0" encoding="UTF-8"?>
<!-- Generated by org.testng.reporters.JUnitReportReporter -->
<testsuite hostname="DESKTOP-1G55C04" failures="0" tests="4" name="Runner_C.Runner_C1" time="2.907" errors="0" timestamp="2024-09-25T20:26:22 IST" skipped="0">
  <testcase classname="Runner_C.Runner_C1" name="runScenario" time="0.351"/>
  <system-out/>
  <testcase classname="Runner_C.Runner_C1" name="runScenario" time="0.330"/>
  <system-out/>
  <testcase classname="Runner_C.Runner_C1" name="runScenario" time="1.858"/>
  <system-out/>
  <testcase classname="Runner_C.Runner_C1" name="runScenario" time="0.368"/>
  <system-out/>
</testsuite> <!-- Runner_C.Runner_C1 -->
